0 info it worked if it ends with ok
1 verbose cli [ '/usr/local/bin/node', '/usr/local/bin/npm', 'publish' ]
2 info using npm@2.5.1
3 info using node@v0.12.0
4 verbose publish [ '.' ]
5 silly cache add args [ '.', null ]
6 verbose cache add spec .
7 silly cache add parsed spec { raw: '.',
7 silly cache add   scope: null,
7 silly cache add   name: null,
7 silly cache add   rawSpec: '.',
7 silly cache add   spec: '/Users/Rob/dev/herehere',
7 silly cache add   type: 'directory' }
8 verbose addLocalDirectory /Users/Rob/.npm/herehere/0.1.0/package.tgz not in flight; packing
9 verbose tar pack [ '/Users/Rob/.npm/herehere/0.1.0/package.tgz',
9 verbose tar pack   '/Users/Rob/dev/herehere' ]
10 verbose tarball /Users/Rob/.npm/herehere/0.1.0/package.tgz
11 verbose folder /Users/Rob/dev/herehere
12 info prepublish herehere@0.1.0
13 verbose addLocalTarball adding from inside cache /Users/Rob/.npm/herehere/0.1.0/package.tgz
14 silly cache afterAdd herehere@0.1.0
15 verbose afterAdd /Users/Rob/.npm/herehere/0.1.0/package/package.json not in flight; writing
16 verbose afterAdd /Users/Rob/.npm/herehere/0.1.0/package/package.json written
17 silly publish { name: 'herehere',
17 silly publish   version: '0.1.0',
17 silly publish   description: 'A super simple JS debug module',
17 silly publish   main: 'src/herehere.js',
17 silly publish   scripts: { test: 'gulp test' },
17 silly publish   repository: { type: 'git', url: 'https://github.com/rjauquet/herehere.git' },
17 silly publish   keywords:
17 silly publish    [ 'debug',
17 silly publish      'javascript',
17 silly publish      'node',
17 silly publish      'nodejs',
17 silly publish      'js',
17 silly publish      'here',
17 silly publish      'console',
17 silly publish      'log' ],
17 silly publish   author:
17 silly publish    { name: 'Rob Jauquet',
17 silly publish      email: 'rjauquet@gmail.com',
17 silly publish      url: 'http://rubyjacket.com' },
17 silly publish   license: 'ISC',
17 silly publish   bugs: { url: 'https://github.com/rjauquet/herehere/issues' },
17 silly publish   homepage: 'https://github.com/rjauquet/herehere',
17 silly publish   devDependencies:
17 silly publish    { gulp: '^3.9.0',
17 silly publish      'jasmine-core': '^2.3.4',
17 silly publish      karma: '^0.12.36',
17 silly publish      'karma-browserify': '^4.2.1',
17 silly publish      'karma-chrome-launcher': '^0.1.12',
17 silly publish      'karma-coverage': '^0.4.2',
17 silly publish      'karma-html-reporter': '^0.2.6',
17 silly publish      'karma-jasmine': '^0.3.5',
17 silly publish      'karma-phantomjs-launcher': '^0.2.0',
17 silly publish      mocha: '^2.2.5' },
17 silly publish   readme: '# herehere\nSimple JavaScript debug function\n',
17 silly publish   readmeFilename: 'README.md',
17 silly publish   gitHead: '7bd0b6e45c201927caa23cd7258a8058991af454',
17 silly publish   _id: 'herehere@0.1.0',
17 silly publish   _shasum: '944a8d7f750d756f656085af061a27f927979604',
17 silly publish   _from: '.' }
18 silly mapToRegistry name herehere
19 silly mapToRegistry using default registry
20 silly mapToRegistry registry https://registry.npmjs.org/
21 silly mapToRegistry uri https://registry.npmjs.org/herehere
22 verbose publish registryBase https://registry.npmjs.org/
23 silly publish uploading /Users/Rob/.npm/herehere/0.1.0/package.tgz
24 verbose request uri https://registry.npmjs.org/herehere
25 verbose request sending authorization for write operation
26 info attempt registry request try #1 at 6:59:01 PM
27 verbose request using bearer token for auth
28 verbose request id c728912c4f0775db
29 http request PUT https://registry.npmjs.org/herehere
30 http 403 https://registry.npmjs.org/herehere
31 verbose headers { 'content-type': 'application/json',
31 verbose headers   'cache-control': 'max-age=60',
31 verbose headers   'content-length': '95',
31 verbose headers   'accept-ranges': 'bytes',
31 verbose headers   date: 'Thu, 18 Jun 2015 23:59:01 GMT',
31 verbose headers   via: '1.1 varnish',
31 verbose headers   connection: 'keep-alive',
31 verbose headers   'x-served-by': 'cache-ord1722-ORD',
31 verbose headers   'x-cache': 'MISS',
31 verbose headers   'x-cache-hits': '0',
31 verbose headers   'x-timer': 'S1434671941.542077,VS0,VE289' }
32 verbose request invalidating /Users/Rob/.npm/registry.npmjs.org/herehere on PUT
33 error publish Failed PUT 403
34 verbose stack Error: "You cannot publish over the previously published version 0.1.0." : herehere
34 verbose stack     at CachingRegistryClient.<anonymous> (/usr/local/lib/node_modules/npm/node_modules/npm-registry-client/lib/request.js:254:14)
34 verbose stack     at Request._callback (/usr/local/lib/node_modules/npm/node_modules/npm-registry-client/lib/request.js:178:14)
34 verbose stack     at Request.self.callback (/usr/local/lib/node_modules/npm/node_modules/request/request.js:344:22)
34 verbose stack     at Request.emit (events.js:110:17)
34 verbose stack     at Request.<anonymous> (/usr/local/lib/node_modules/npm/node_modules/request/request.js:1239:14)
34 verbose stack     at Request.emit (events.js:129:20)
34 verbose stack     at IncomingMessage.<anonymous> (/usr/local/lib/node_modules/npm/node_modules/request/request.js:1187:12)
34 verbose stack     at IncomingMessage.emit (events.js:129:20)
34 verbose stack     at _stream_readable.js:908:16
34 verbose stack     at process._tickCallback (node.js:355:11)
35 verbose statusCode 403
36 verbose pkgid herehere
37 verbose cwd /Users/Rob/dev/herehere
38 error Darwin 14.3.0
39 error argv "/usr/local/bin/node" "/usr/local/bin/npm" "publish"
40 error node v0.12.0
41 error npm  v2.5.1
42 error code E403
43 error "You cannot publish over the previously published version 0.1.0." : herehere
44 error If you need help, you may report this error at:
44 error     <http://github.com/npm/npm/issues>
45 verbose exit [ 1, true ]
